\BOOKMARK [0][-]{chapter.1}{Welcome}{}% 1
\BOOKMARK [1][-]{section.1.1}{Plan\040for\040this\040lecture}{chapter.1}% 2
\BOOKMARK [1][-]{section.1.2}{Instructor}{chapter.1}% 3
\BOOKMARK [1][-]{section.1.3}{Timetable}{chapter.1}% 4
\BOOKMARK [1][-]{section.1.4}{Course\040web\040pages}{chapter.1}% 5
\BOOKMARK [1][-]{section.1.5}{Tutorials}{chapter.1}% 6
\BOOKMARK [1][-]{section.1.6}{Tutors}{chapter.1}% 7
\BOOKMARK [1][-]{section.1.7}{Prerequisites}{chapter.1}% 8
\BOOKMARK [1][-]{section.1.8}{Focus?}{chapter.1}% 9
\BOOKMARK [1][-]{section.1.9}{Assessment}{chapter.1}% 10
\BOOKMARK [1][-]{section.1.10}{Questions}{chapter.1}% 11
\BOOKMARK [1][-]{section.1.11}{Attendance}{chapter.1}% 12
\BOOKMARK [1][-]{section.1.12}{Comments\040for\040lectures\040notes/slides}{chapter.1}% 13
\BOOKMARK [1][-]{section.1.13}{Definitions\040and\040facts}{chapter.1}% 14
\BOOKMARK [1][-]{section.1.14}{Facts}{chapter.1}% 15
\BOOKMARK [1][-]{section.1.15}{Note\040on\040Assessments}{chapter.1}% 16
\BOOKMARK [1][-]{section.1.16}{Reading\040materials}{chapter.1}% 17
\BOOKMARK [1][-]{section.1.17}{Key\040points\040for\040the\040administrative\040part}{chapter.1}% 18
\BOOKMARK [1][-]{section.1.18}{What\040you\040will\040learn\040in\040the\040course}{chapter.1}% 19
\BOOKMARK [1][-]{section.1.19}{Further\040material\040and\040self-learning}{chapter.1}% 20
\BOOKMARK [0][-]{chapter.2}{Univariate\040and\040bivariate\040optimization}{}% 21
\BOOKMARK [1][-]{section.2.1}{Announcements\040&\040Reminders}{chapter.2}% 22
\BOOKMARK [1][-]{section.2.2}{Plan\040for\040this\040lecture}{chapter.2}% 23
\BOOKMARK [1][-]{section.2.3}{Computing}{chapter.2}% 24
\BOOKMARK [2][-]{subsection.2.3.1}{Computer\040Code\040in\040the\040Lectures}{section.2.3}% 25
\BOOKMARK [1][-]{section.2.4}{Univariate\040Optimization}{chapter.2}% 26
\BOOKMARK [1][-]{section.2.5}{Finding\040optima}{chapter.2}% 27
\BOOKMARK [1][-]{section.2.6}{Shape\040Conditions\040and\040Sufficiency}{chapter.2}% 28
\BOOKMARK [2][-]{subsection.2.6.1}{Sufficiency\040and\040uniqueness\040with\040shape\040conditions}{section.2.6}% 29
\BOOKMARK [1][-]{section.2.7}{Functions\040of\040two\040variables}{chapter.2}% 30
\BOOKMARK [1][-]{section.2.8}{Bivariate\040Optimization}{chapter.2}% 31
\BOOKMARK [2][-]{subsection.2.8.1}{Nasty\040secrets}{section.2.8}% 32
\BOOKMARK [1][-]{section.2.9}{Second\040Order\040Partials}{chapter.2}% 33
\BOOKMARK [1][-]{section.2.10}{Shape\040conditions\040in\0402D}{chapter.2}% 34
\BOOKMARK [1][-]{section.2.11}{Exercises\040and\040materials\040for\040self\040study}{chapter.2}% 35
\BOOKMARK [0][-]{chapter.3}{Exercise\040set\040A}{}% 36
\BOOKMARK [1][-]{section.3.1}{Question\040A.1}{chapter.3}% 37
\BOOKMARK [1][-]{section.3.2}{Question\040A.2}{chapter.3}% 38
\BOOKMARK [1][-]{section.3.3}{Question\040A.3:\040Profit\040maximization\040with\040Cobb-Douglas\040production\040and\040linear\040costs}{chapter.3}% 39
\BOOKMARK [1][-]{section.3.4}{Question\040A.4*}{chapter.3}% 40
\BOOKMARK [0][-]{chapter.4}{Elements\040of\040set\040theory\040and\040analysis}{}% 41
\BOOKMARK [0][-]{chapter.5}{Elements\040of\040linear\040algebra}{}% 42
\BOOKMARK [0][-]{chapter.6}{Elements\040of\040probability}{}% 43
\BOOKMARK [0][-]{chapter.7}{Fundamentals\040of\040optimization}{}% 44
\BOOKMARK [0][-]{chapter.8}{Unconstrained\040optimization}{}% 45
\BOOKMARK [0][-]{chapter.9}{Constrained\040optimization}{}% 46
\BOOKMARK [0][-]{chapter.10}{Practical\040session}{}% 47
\BOOKMARK [0][-]{chapter.11}{Envelope\040and\040maximum\040theorems}{}% 48
\BOOKMARK [0][-]{chapter.12}{Dynamic\040optimization}{}% 49
\BOOKMARK [0][-]{chapter.13}{Revision}{}% 50
